<?xml version="1.0" encoding="UTF-8" ?>
<testsuite failures="0" time="0.031" errors="0" skipped="0" tests="26" name="com.impetus.bookstore.service.test.RequestServiceTest">
  <properties>
[...]
</properties>
  <testcase time="0" classname="com.impetus.bookstore.service.test.RequestServiceTest" name="testAddToBookshelfBranch1"/>
  <testcase time="0.015" classname="com.impetus.bookstore.service.test.RequestServiceTest" name="testStoreBook"/>
  <testcase time="0" classname="com.impetus.bookstore.service.test.RequestServiceTest" name="testAddToBookshelf2"/>
  <testcase time="0" classname="com.impetus.bookstore.service.test.RequestServiceTest" name="testCancelReturnBranch"/>
  <testcase time="0" classname="com.impetus.bookstore.service.test.RequestServiceTest" name="testToReturn"/>
  <testcase time="0" classname="com.impetus.bookstore.service.test.RequestServiceTest" name="testShowBookshelf"/>
  <testcase time="0" classname="com.impetus.bookstore.service.test.RequestServiceTest" name="testCancelReturn"/>
  <testcase time="0" classname="com.impetus.bookstore.service.test.RequestServiceTest" name="testRemoveBookshelf"/>
  <testcase time="0" classname="com.impetus.bookstore.service.test.RequestServiceTest" name="testPlaceRequest"/>
  <testcase time="0" classname="com.impetus.bookstore.service.test.RequestServiceTest" name="testuserReq1"/>
  <testcase time="0" classname="com.impetus.bookstore.service.test.RequestServiceTest" name="testuserReq2"/>
  <testcase time="0" classname="com.impetus.bookstore.service.test.RequestServiceTest" name="testuserReq3"/>
  <testcase time="0" classname="com.impetus.bookstore.service.test.RequestServiceTest" name="testuserReq4"/>
  <testcase time="0" classname="com.impetus.bookstore.service.test.RequestServiceTest" name="testReturned"/>
  <testcase time="0" classname="com.impetus.bookstore.service.test.RequestServiceTest" name="testPlaceRequestBranch1"/>
  <testcase time="0" classname="com.impetus.bookstore.service.test.RequestServiceTest" name="testPlaceRequestBranch2"/>
  <testcase time="0" classname="com.impetus.bookstore.service.test.RequestServiceTest" name="testPlaceRequestBranch3"/>
  <testcase time="0" classname="com.impetus.bookstore.service.test.RequestServiceTest" name="testPlaceRequestBranch4"/>
  <testcase time="0" classname="com.impetus.bookstore.service.test.RequestServiceTest" name="testPlaceRequestBranch5"/>
  <testcase time="0" classname="com.impetus.bookstore.service.test.RequestServiceTest" name="testToDeliver"/>
  <testcase time="0" classname="com.impetus.bookstore.service.test.RequestServiceTest" name="testReturnBook"/>
  <testcase time="0" classname="com.impetus.bookstore.service.test.RequestServiceTest" name="testAddToBookshelf"/>
  <testcase time="0" classname="com.impetus.bookstore.service.test.RequestServiceTest" name="testShowCurrent"/>
  <testcase time="0" classname="com.impetus.bookstore.service.test.RequestServiceTest" name="testGetReqDetails"/>
  <testcase time="0" classname="com.impetus.bookstore.service.test.RequestServiceTest" name="testCancelDelivery"/>
  <testcase time="0.016" classname="com.impetus.bookstore.service.test.RequestServiceTest" name="testCancelReturnCatch"/>
</testsuite>